
/var/www/vhosts/rosistirem.com/laravel/app/Http/Controllers/WebController.php:297
AddonPayments\Api\Entities\Transaction::__set_state(array(
   'authorizedAmount' => '2380',
   'availableBalance' => NULL,
   'avsResponseCode' => 'U',
   'avsResponseMessage' => NULL,
   'balanceAmount' => NULL,
   'batchSummary' => NULL,
   'cardType' => NULL,
   'cardLast4' => NULL,
   'cavvResponseCode' => NULL,
   'commercialIndicator' => NULL,
   'cvnResponseCode' => 'M',
   'cvnResponseMessage' => NULL,
   'emvIssuerResponse' => NULL,
   'pointsBalanceAmount' => NULL,
   'recurringDataCode' => NULL,
   'referenceNumber' => NULL,
   'responseCode' => '00',
   'responseMessage' => 'Approved',
   'responseValues' => 
  array (
    'CAVV' => 'AAACAHAWhCIBBRMGBBaEAAAAAAA=',
    'AVSADDRESSRESULT' => 'U',
    'AUTHENTICATION_VALUE' => '',
    'ECI' => '5',
    'CVNRESULT' => 'M',
    'HPP_LANG' => 'es',
    'MESSAGE_VERSION' => '',
    'PASREF' => '16413843691498869',
    'BATCHID' => '13012622',
    'MESSAGE' => 'Approved',
    'DS_TRANS_ID' => '',
    'ACCOUNT' => 'internet',
    'XID' => '0kL8XF1VWN41yHHbLMUKh81wGeg=',
    'SHA1HASH' => 'aea9fbd4d5427ba1d642fb4c3d75a80d321aec39',
    'AVSPOSTCODERESULT' => 'U',
    'ORDER_ID' => '05012022_13-02_SDK_v2-1-0_MzI4ZjNmOGEtM2',
    'AMOUNT' => '2380',
    'TIMESTAMP' => '20220105130235',
    'pas_uuid' => '8f868d84-2e7f-428b-973f-8637ecc373b1',
    'HPP_FRAUDFILTER_RESULT' => 'NOT_EXECUTED',
    'RESULT' => '00',
    'AUTHCODE' => '911878',
    'MERCHANT_ID' => '351894514',
  ),
   'schemeId' => NULL,
   'threeDSecure' => NULL,
   'timestamp' => NULL,
   'transactionDescriptor' => NULL,
   'token' => NULL,
   'transactionReference' => 
  AddonPayments\Api\PaymentMethods\TransactionReference::__set_state(array(
     'paymentMethodType' => 1,
     'authCode' => '911878',
     'transactionId' => '16413843691498869',
     'orderId' => '05012022_13-02_SDK_v2-1-0_MzI4ZjNmOGEtM2',
  )),
   'giftCard' => NULL,
   'dccResponseResult' => NULL,
   'fraudFilterResponse' => NULL,
   'avsAddressResponse' => NULL,
   'alternativePaymentResponse' => NULL,
))

/var/www/vhosts/rosistirem.com/laravel/app/Http/Controllers/WebController.php:297
AddonPayments\Api\Entities\Transaction::__set_state(array(
   'authorizedAmount' => '2380',
   'availableBalance' => NULL,
   'avsResponseCode' => 'U',
   'avsResponseMessage' => NULL,
   'balanceAmount' => NULL,
   'batchSummary' => NULL,
   'cardType' => NULL,
   'cardLast4' => NULL,
   'cavvResponseCode' => NULL,
   'commercialIndicator' => NULL,
   'cvnResponseCode' => 'M',
   'cvnResponseMessage' => NULL,
   'emvIssuerResponse' => NULL,
   'pointsBalanceAmount' => NULL,
   'recurringDataCode' => NULL,
   'referenceNumber' => NULL,
   'responseCode' => '00',
   'responseMessage' => 'Approved',
   'responseValues' => 
  array (
    'CAVV' => 'jK+InSjEzkWFCBEAAAzNAEAAAAA=',
    'AVSADDRESSRESULT' => 'U',
    'AUTHENTICATION_VALUE' => '',
    'ECI' => '2',
    'CVNRESULT' => 'M',
    'HPP_LANG' => 'es',
    'MESSAGE_VERSION' => '',
    'PASREF' => '16414811023107611',
    'BATCHID' => '13017725',
    'MESSAGE' => 'Approved',
    'DS_TRANS_ID' => '',
    'ACCOUNT' => 'internet',
    'XID' => 'lql3aaWZd55RJ6F8D6snPcjMPGM=',
    'SHA1HASH' => 'f5becf8118856f4a27da2a4e64439c787241e210',
    'AVSPOSTCODERESULT' => 'U',
    'ORDER_ID' => '06012022_15-56_SDK_v2-1-0_ZDFiMzUyNmQtNW',
    'AMOUNT' => '2380',
    'TIMESTAMP' => '20220106155631',
    'pas_uuid' => 'f0adbcdc-08e3-4dcd-b00f-fa2d38ee3b10',
    'HPP_FRAUDFILTER_RESULT' => 'NOT_EXECUTED',
    'RESULT' => '00',
    'AUTHCODE' => '589552',
    'MERCHANT_ID' => '351894514',
  ),
   'schemeId' => NULL,
   'threeDSecure' => NULL,
   'timestamp' => NULL,
   'transactionDescriptor' => NULL,
   'token' => NULL,
   'transactionReference' => 
  AddonPayments\Api\PaymentMethods\TransactionReference::__set_state(array(
     'paymentMethodType' => 1,
     'authCode' => '589552',
     'transactionId' => '16414811023107611',
     'orderId' => '06012022_15-56_SDK_v2-1-0_ZDFiMzUyNmQtNW',
  )),
   'giftCard' => NULL,
   'dccResponseResult' => NULL,
   'fraudFilterResponse' => NULL,
   'avsAddressResponse' => NULL,
   'alternativePaymentResponse' => NULL,
))

/var/www/vhosts/rosistirem.com/laravel/app/Http/Controllers/WebController.php:301
AddonPayments\Api\Entities\Transaction::__set_state(array(
   'authorizedAmount' => '2380',
   'availableBalance' => NULL,
   'avsResponseCode' => 'U',
   'avsResponseMessage' => NULL,
   'balanceAmount' => NULL,
   'batchSummary' => NULL,
   'cardType' => NULL,
   'cardLast4' => NULL,
   'cavvResponseCode' => NULL,
   'commercialIndicator' => NULL,
   'cvnResponseCode' => 'M',
   'cvnResponseMessage' => NULL,
   'emvIssuerResponse' => NULL,
   'pointsBalanceAmount' => NULL,
   'recurringDataCode' => NULL,
   'referenceNumber' => NULL,
   'responseCode' => '00',
   'responseMessage' => 'Approved',
   'responseValues' => 
  array (
    'CAVV' => 'AAACCXJhUyIBCSBEQGFTAAAAAAA=',
    'AVSADDRESSRESULT' => 'U',
    'AUTHENTICATION_VALUE' => '',
    'ECI' => '5',
    'CVNRESULT' => 'M',
    'HPP_LANG' => 'es',
    'MESSAGE_VERSION' => '',
    'PASREF' => '16417574835765571',
    'BATCHID' => '13029852',
    'MESSAGE' => 'Approved',
    'DS_TRANS_ID' => '',
    'ACCOUNT' => 'internet',
    'XID' => 'aDm1QSRiQXja5YObj2hteaMFLe4=',
    'SHA1HASH' => '7c6092c22c25459307d523f5f06402c63160a376',
    'AVSPOSTCODERESULT' => 'U',
    'ORDER_ID' => '09012022_20-44_SDK_v2-1-0_NzJkYWExY2UtMj',
    'AMOUNT' => '2380',
    'TIMESTAMP' => '20220109204404',
    'pas_uuid' => '6e403164-b460-47d5-a34f-b832d1b29acc',
    'HPP_FRAUDFILTER_RESULT' => 'NOT_EXECUTED',
    'RESULT' => '00',
    'AUTHCODE' => '626419',
    'MERCHANT_ID' => '351894514',
  ),
   'schemeId' => NULL,
   'threeDSecure' => NULL,
   'timestamp' => NULL,
   'transactionDescriptor' => NULL,
   'token' => NULL,
   'transactionReference' => 
  AddonPayments\Api\PaymentMethods\TransactionReference::__set_state(array(
     'paymentMethodType' => 1,
     'authCode' => '626419',
     'transactionId' => '16417574835765571',
     'orderId' => '09012022_20-44_SDK_v2-1-0_NzJkYWExY2UtMj',
  )),
   'giftCard' => NULL,
   'dccResponseResult' => NULL,
   'fraudFilterResponse' => NULL,
   'avsAddressResponse' => NULL,
   'alternativePaymentResponse' => NULL,
))

/var/www/vhosts/rosistirem.com/laravel/app/Http/Controllers/WebController.php:301
AddonPayments\Api\Entities\Transaction::__set_state(array(
   'authorizedAmount' => '2970',
   'availableBalance' => NULL,
   'avsResponseCode' => 'U',
   'avsResponseMessage' => NULL,
   'balanceAmount' => NULL,
   'batchSummary' => NULL,
   'cardType' => NULL,
   'cardLast4' => NULL,
   'cavvResponseCode' => NULL,
   'commercialIndicator' => NULL,
   'cvnResponseCode' => 'M',
   'cvnResponseMessage' => NULL,
   'emvIssuerResponse' => NULL,
   'pointsBalanceAmount' => NULL,
   'recurringDataCode' => NULL,
   'referenceNumber' => NULL,
   'responseCode' => '00',
   'responseMessage' => 'Approved',
   'responseValues' => 
  array (
    'CAVV' => 'jK+InSjEzkWFCREAAB/qBRIAAAA=',
    'AVSADDRESSRESULT' => 'U',
    'AUTHENTICATION_VALUE' => '',
    'ECI' => '2',
    'CVNRESULT' => 'M',
    'HPP_LANG' => 'es',
    'MESSAGE_VERSION' => '',
    'PASREF' => '1641812009974592',
    'BATCHID' => '13031236',
    'MESSAGE' => 'Approved',
    'DS_TRANS_ID' => '',
    'ACCOUNT' => 'internet',
    'XID' => 'vbbTNg6QmUs2DN1omNyLUKHpd20=',
    'SHA1HASH' => '2f0d5eb94593a802ddaf594ca0095f26013ef324',
    'AVSPOSTCODERESULT' => 'U',
    'ORDER_ID' => '10012022_11-52_SDK_v2-1-0_NGMxZTViZmMtNG',
    'AMOUNT' => '2970',
    'TIMESTAMP' => '20220110115246',
    'pas_uuid' => 'd10e456d-e2a9-48c2-9b78-272ac8502d1a',
    'HPP_FRAUDFILTER_RESULT' => 'NOT_EXECUTED',
    'RESULT' => '00',
    'AUTHCODE' => '413254',
    'MERCHANT_ID' => '351894514',
  ),
   'schemeId' => NULL,
   'threeDSecure' => NULL,
   'timestamp' => NULL,
   'transactionDescriptor' => NULL,
   'token' => NULL,
   'transactionReference' => 
  AddonPayments\Api\PaymentMethods\TransactionReference::__set_state(array(
     'paymentMethodType' => 1,
     'authCode' => '413254',
     'transactionId' => '1641812009974592',
     'orderId' => '10012022_11-52_SDK_v2-1-0_NGMxZTViZmMtNG',
  )),
   'giftCard' => NULL,
   'dccResponseResult' => NULL,
   'fraudFilterResponse' => NULL,
   'avsAddressResponse' => NULL,
   'alternativePaymentResponse' => NULL,
))

/var/www/vhosts/rosistirem.com/laravel/app/Http/Controllers/WebController.php:301
AddonPayments\Api\Entities\Transaction::__set_state(array(
   'authorizedAmount' => '4480',
   'availableBalance' => NULL,
   'avsResponseCode' => '',
   'avsResponseMessage' => NULL,
   'balanceAmount' => NULL,
   'batchSummary' => NULL,
   'cardType' => NULL,
   'cardLast4' => NULL,
   'cavvResponseCode' => NULL,
   'commercialIndicator' => NULL,
   'cvnResponseCode' => '',
   'cvnResponseMessage' => NULL,
   'emvIssuerResponse' => NULL,
   'pointsBalanceAmount' => NULL,
   'recurringDataCode' => NULL,
   'referenceNumber' => NULL,
   'responseCode' => '110',
   'responseMessage' => 'Transacci贸n bloqueada por la configuraci贸n de 3D Secure del comercio.',
   'responseValues' => 
  array (
    'CAVV' => '',
    'AVSADDRESSRESULT' => '',
    'AUTHENTICATION_VALUE' => '',
    'ECI' => '',
    'CVNRESULT' => '',
    'HPP_LANG' => 'es',
    'MESSAGE_VERSION' => '',
    'PASREF' => '',
    'BATCHID' => '-1',
    'MESSAGE' => 'Transacci贸n bloqueada por la configuraci贸n de 3D Secure del comercio.',
    'DS_TRANS_ID' => '',
    'ACCOUNT' => 'internet',
    'XID' => '',
    'SHA1HASH' => '090bc5b23e3821892e6747ad94e5376a9f153b12',
    'AVSPOSTCODERESULT' => '',
    'ORDER_ID' => '12012022_18-41_SDK_v2-1-0_MzkwM2ExNzUtYT',
    'AMOUNT' => '4480',
    'TIMESTAMP' => '20220112184127',
    'pas_uuid' => 'e02631ec-12a8-4ce1-ae62-3ea4c336b6d7',
    'RESULT' => '110',
    'AUTHCODE' => '',
    'MERCHANT_ID' => '351894514',
  ),
   'schemeId' => NULL,
   'threeDSecure' => NULL,
   'timestamp' => NULL,
   'transactionDescriptor' => NULL,
   'token' => NULL,
   'transactionReference' => 
  AddonPayments\Api\PaymentMethods\TransactionReference::__set_state(array(
     'paymentMethodType' => 1,
     'authCode' => '',
     'transactionId' => '',
     'orderId' => '12012022_18-41_SDK_v2-1-0_MzkwM2ExNzUtYT',
  )),
   'giftCard' => NULL,
   'dccResponseResult' => NULL,
   'fraudFilterResponse' => NULL,
   'avsAddressResponse' => NULL,
   'alternativePaymentResponse' => NULL,
))

/var/www/vhosts/rosistirem.com/laravel/app/Http/Controllers/WebController.php:301
AddonPayments\Api\Entities\Transaction::__set_state(array(
   'authorizedAmount' => '4080',
   'availableBalance' => NULL,
   'avsResponseCode' => 'U',
   'avsResponseMessage' => NULL,
   'balanceAmount' => NULL,
   'batchSummary' => NULL,
   'cardType' => NULL,
   'cardLast4' => NULL,
   'cavvResponseCode' => NULL,
   'commercialIndicator' => NULL,
   'cvnResponseCode' => 'M',
   'cvnResponseMessage' => NULL,
   'emvIssuerResponse' => NULL,
   'pointsBalanceAmount' => NULL,
   'recurringDataCode' => NULL,
   'referenceNumber' => NULL,
   'responseCode' => '00',
   'responseMessage' => 'Approved',
   'responseValues' => 
  array (
    'CAVV' => 'AAACB0cDiSIBEwBVJQOJAAAAAAA=',
    'AVSADDRESSRESULT' => 'U',
    'AUTHENTICATION_VALUE' => '',
    'ECI' => '5',
    'CVNRESULT' => 'M',
    'HPP_LANG' => 'es',
    'MESSAGE_VERSION' => '',
    'PASREF' => '16420317264545723',
    'BATCHID' => '13043654',
    'MESSAGE' => 'Approved',
    'DS_TRANS_ID' => '',
    'ACCOUNT' => 'internet',
    'XID' => 'Cx1WzacbDLg1XXgz328SqUy79mQ=',
    'SHA1HASH' => '85fc6e12c56f450a5e42eda09a9099b56fb63d26',
    'AVSPOSTCODERESULT' => 'U',
    'ORDER_ID' => '13012022_00-53_SDK_v2-1-0_MjU5Y2RhOGMtNm',
    'AMOUNT' => '4080',
    'TIMESTAMP' => '20220113005337',
    'pas_uuid' => '82ede036-b0dc-4c61-8d9a-7f8ad0fa1711',
    'HPP_FRAUDFILTER_RESULT' => 'NOT_EXECUTED',
    'RESULT' => '00',
    'AUTHCODE' => '503779',
    'MERCHANT_ID' => '351894514',
  ),
   'schemeId' => NULL,
   'threeDSecure' => NULL,
   'timestamp' => NULL,
   'transactionDescriptor' => NULL,
   'token' => NULL,
   'transactionReference' => 
  AddonPayments\Api\PaymentMethods\TransactionReference::__set_state(array(
     'paymentMethodType' => 1,
     'authCode' => '503779',
     'transactionId' => '16420317264545723',
     'orderId' => '13012022_00-53_SDK_v2-1-0_MjU5Y2RhOGMtNm',
  )),
   'giftCard' => NULL,
   'dccResponseResult' => NULL,
   'fraudFilterResponse' => NULL,
   'avsAddressResponse' => NULL,
   'alternativePaymentResponse' => NULL,
))

/var/www/vhosts/rosistirem.com/laravel/app/Http/Controllers/WebController.php:301
AddonPayments\Api\Entities\Transaction::__set_state(array(
   'authorizedAmount' => '2380',
   'availableBalance' => NULL,
   'avsResponseCode' => 'U',
   'avsResponseMessage' => NULL,
   'balanceAmount' => NULL,
   'batchSummary' => NULL,
   'cardType' => NULL,
   'cardLast4' => NULL,
   'cavvResponseCode' => NULL,
   'commercialIndicator' => NULL,
   'cvnResponseCode' => 'M',
   'cvnResponseMessage' => NULL,
   'emvIssuerResponse' => NULL,
   'pointsBalanceAmount' => NULL,
   'recurringDataCode' => NULL,
   'referenceNumber' => NULL,
   'responseCode' => '00',
   'responseMessage' => 'Approved',
   'responseValues' => 
  array (
    'CAVV' => 'AAACB0GEGSIBFBI3I4QZAAAAAAA=',
    'AVSADDRESSRESULT' => 'U',
    'AUTHENTICATION_VALUE' => '',
    'ECI' => '5',
    'CVNRESULT' => 'M',
    'HPP_LANG' => 'es',
    'MESSAGE_VERSION' => '',
    'PASREF' => '16421602447638159',
    'BATCHID' => '13048957',
    'MESSAGE' => 'Approved',
    'DS_TRANS_ID' => '',
    'ACCOUNT' => 'internet',
    'XID' => '8vtsVpVgvuRxQstC5HFMryjoBDI=',
    'SHA1HASH' => '407f8935a523fccd6957739815b2a463fdd2a55d',
    'AVSPOSTCODERESULT' => 'U',
    'ORDER_ID' => '14012022_12-35_SDK_v2-1-0_ZmIzMTFmNTgtMT',
    'AMOUNT' => '2380',
    'TIMESTAMP' => '20220114123557',
    'pas_uuid' => '3a549c97-2d68-4369-92cb-4f26679a8f5b',
    'HPP_FRAUDFILTER_RESULT' => 'NOT_EXECUTED',
    'RESULT' => '00',
    'AUTHCODE' => '930089',
    'MERCHANT_ID' => '351894514',
  ),
   'schemeId' => NULL,
   'threeDSecure' => NULL,
   'timestamp' => NULL,
   'transactionDescriptor' => NULL,
   'token' => NULL,
   'transactionReference' => 
  AddonPayments\Api\PaymentMethods\TransactionReference::__set_state(array(
     'paymentMethodType' => 1,
     'authCode' => '930089',
     'transactionId' => '16421602447638159',
     'orderId' => '14012022_12-35_SDK_v2-1-0_ZmIzMTFmNTgtMT',
  )),
   'giftCard' => NULL,
   'dccResponseResult' => NULL,
   'fraudFilterResponse' => NULL,
   'avsAddressResponse' => NULL,
   'alternativePaymentResponse' => NULL,
))

/var/www/vhosts/rosistirem.com/laravel/app/Http/Controllers/WebController.php:301
AddonPayments\Api\Entities\Transaction::__set_state(array(
   'authorizedAmount' => '2970',
   'availableBalance' => NULL,
   'avsResponseCode' => 'U',
   'avsResponseMessage' => NULL,
   'balanceAmount' => NULL,
   'batchSummary' => NULL,
   'cardType' => NULL,
   'cardLast4' => NULL,
   'cavvResponseCode' => NULL,
   'commercialIndicator' => NULL,
   'cvnResponseCode' => 'M',
   'cvnResponseMessage' => NULL,
   'emvIssuerResponse' => NULL,
   'pointsBalanceAmount' => NULL,
   'recurringDataCode' => NULL,
   'referenceNumber' => NULL,
   'responseCode' => '00',
   'responseMessage' => 'Approved',
   'responseValues' => 
  array (
    'CAVV' => 'jK+InSjEzkWFCREAAB/qBRIAAAA=',
    'AVSADDRESSRESULT' => 'U',
    'AUTHENTICATION_VALUE' => '',
    'ECI' => '2',
    'CVNRESULT' => 'M',
    'HPP_LANG' => 'es',
    'MESSAGE_VERSION' => '',
    'PASREF' => '1641812009974592',
    'BATCHID' => '13031236',
    'MESSAGE' => 'Approved',
    'DS_TRANS_ID' => '',
    'ACCOUNT' => 'internet',
    'XID' => 'vbbTNg6QmUs2DN1omNyLUKHpd20=',
    'SHA1HASH' => '2f0d5eb94593a802ddaf594ca0095f26013ef324',
    'AVSPOSTCODERESULT' => 'U',
    'ORDER_ID' => '10012022_11-52_SDK_v2-1-0_NGMxZTViZmMtNG',
    'AMOUNT' => '2970',
    'TIMESTAMP' => '20220110115246',
    'pas_uuid' => 'd10e456d-e2a9-48c2-9b78-272ac8502d1a',
    'HPP_FRAUDFILTER_RESULT' => 'NOT_EXECUTED',
    'RESULT' => '00',
    'AUTHCODE' => '413254',
    'MERCHANT_ID' => '351894514',
  ),
   'schemeId' => NULL,
   'threeDSecure' => NULL,
   'timestamp' => NULL,
   'transactionDescriptor' => NULL,
   'token' => NULL,
   'transactionReference' => 
  AddonPayments\Api\PaymentMethods\TransactionReference::__set_state(array(
     'paymentMethodType' => 1,
     'authCode' => '413254',
     'transactionId' => '1641812009974592',
     'orderId' => '10012022_11-52_SDK_v2-1-0_NGMxZTViZmMtNG',
  )),
   'giftCard' => NULL,
   'dccResponseResult' => NULL,
   'fraudFilterResponse' => NULL,
   'avsAddressResponse' => NULL,
   'alternativePaymentResponse' => NULL,
))

/var/www/vhosts/rosistirem.com/laravel/app/Http/Controllers/WebController.php:301
AddonPayments\Api\Entities\Transaction::__set_state(array(
   'authorizedAmount' => '1290',
   'availableBalance' => NULL,
   'avsResponseCode' => 'U',
   'avsResponseMessage' => NULL,
   'balanceAmount' => NULL,
   'batchSummary' => NULL,
   'cardType' => NULL,
   'cardLast4' => NULL,
   'cavvResponseCode' => NULL,
   'commercialIndicator' => NULL,
   'cvnResponseCode' => 'M',
   'cvnResponseMessage' => NULL,
   'emvIssuerResponse' => NULL,
   'pointsBalanceAmount' => NULL,
   'recurringDataCode' => NULL,
   'referenceNumber' => NULL,
   'responseCode' => '00',
   'responseMessage' => 'Approved',
   'responseValues' => 
  array (
    'CAVV' => 'jK+InSjEzkWFCREAABvOCGcAAAA=',
    'AVSADDRESSRESULT' => 'U',
    'AUTHENTICATION_VALUE' => '',
    'ECI' => '2',
    'CVNRESULT' => 'M',
    'HPP_LANG' => 'es',
    'MESSAGE_VERSION' => '',
    'PASREF' => '16425920540308919',
    'BATCHID' => '13067758',
    'MESSAGE' => 'Approved',
    'DS_TRANS_ID' => '',
    'ACCOUNT' => 'internet',
    'XID' => '8yqD0E3pUnYm3axdHwpP0kiDXe8=',
    'SHA1HASH' => 'a0ff3e59bddec03e71db506d8abf5a63f7b9f11c',
    'AVSPOSTCODERESULT' => 'U',
    'ORDER_ID' => '19012022_12-33_SDK_v2-1-0_NTg5YWI3MDEtNz',
    'AMOUNT' => '1290',
    'TIMESTAMP' => '20220119123317',
    'pas_uuid' => '6875658d-847c-48bc-b3c3-1f3a5e4ddf5d',
    'HPP_FRAUDFILTER_RESULT' => 'NOT_EXECUTED',
    'RESULT' => '00',
    'AUTHCODE' => '458421',
    'MERCHANT_ID' => '351894514',
  ),
   'schemeId' => NULL,
   'threeDSecure' => NULL,
   'timestamp' => NULL,
   'transactionDescriptor' => NULL,
   'token' => NULL,
   'transactionReference' => 
  AddonPayments\Api\PaymentMethods\TransactionReference::__set_state(array(
     'paymentMethodType' => 1,
     'authCode' => '458421',
     'transactionId' => '16425920540308919',
     'orderId' => '19012022_12-33_SDK_v2-1-0_NTg5YWI3MDEtNz',
  )),
   'giftCard' => NULL,
   'dccResponseResult' => NULL,
   'fraudFilterResponse' => NULL,
   'avsAddressResponse' => NULL,
   'alternativePaymentResponse' => NULL,
))

/var/www/vhosts/rosistirem.com/laravel/app/Http/Controllers/WebController.php:301
AddonPayments\Api\Entities\Transaction::__set_state(array(
   'authorizedAmount' => '2890',
   'availableBalance' => NULL,
   'avsResponseCode' => 'U',
   'avsResponseMessage' => NULL,
   'balanceAmount' => NULL,
   'batchSummary' => NULL,
   'cardType' => NULL,
   'cardLast4' => NULL,
   'cavvResponseCode' => NULL,
   'commercialIndicator' => NULL,
   'cvnResponseCode' => 'M',
   'cvnResponseMessage' => NULL,
   'emvIssuerResponse' => NULL,
   'pointsBalanceAmount' => NULL,
   'recurringDataCode' => NULL,
   'referenceNumber' => NULL,
   'responseCode' => '00',
   'responseMessage' => 'Approved',
   'responseValues' => 
  array (
    'CAVV' => 'AAACBVOEdSIBIBlVAIR1AAAAAAA=',
    'AVSADDRESSRESULT' => 'U',
    'AUTHENTICATION_VALUE' => '',
    'ECI' => '5',
    'CVNRESULT' => 'M',
    'HPP_LANG' => 'es',
    'MESSAGE_VERSION' => '',
    'PASREF' => '16427049023317319',
    'BATCHID' => '13072884',
    'MESSAGE' => 'Approved',
    'DS_TRANS_ID' => '',
    'ACCOUNT' => 'internet',
    'XID' => 'R+G4LU9IXR/PV5nlMFJJXUXe7F0=',
    'SHA1HASH' => '9ebcac2522e71daad91785325116e980467f7b76',
    'AVSPOSTCODERESULT' => 'U',
    'ORDER_ID' => '20012022_19-53_SDK_v2-1-0_OWRhMDk3ODAtYW',
    'AMOUNT' => '2890',
    'TIMESTAMP' => '20220120195351',
    'pas_uuid' => '4826aa03-c0ce-4e58-aa4a-bc5fa7350d00',
    'HPP_FRAUDFILTER_RESULT' => 'NOT_EXECUTED',
    'RESULT' => '00',
    'AUTHCODE' => '238957',
    'MERCHANT_ID' => '351894514',
  ),
   'schemeId' => NULL,
   'threeDSecure' => NULL,
   'timestamp' => NULL,
   'transactionDescriptor' => NULL,
   'token' => NULL,
   'transactionReference' => 
  AddonPayments\Api\PaymentMethods\TransactionReference::__set_state(array(
     'paymentMethodType' => 1,
     'authCode' => '238957',
     'transactionId' => '16427049023317319',
     'orderId' => '20012022_19-53_SDK_v2-1-0_OWRhMDk3ODAtYW',
  )),
   'giftCard' => NULL,
   'dccResponseResult' => NULL,
   'fraudFilterResponse' => NULL,
   'avsAddressResponse' => NULL,
   'alternativePaymentResponse' => NULL,
))

/var/www/vhosts/rosistirem.com/laravel/app/Http/Controllers/WebController.php:318
AddonPayments\Api\Entities\Transaction::__set_state(array(
   'authorizedAmount' => '7640',
   'availableBalance' => NULL,
   'avsResponseCode' => 'U',
   'avsResponseMessage' => NULL,
   'balanceAmount' => NULL,
   'batchSummary' => NULL,
   'cardType' => NULL,
   'cardLast4' => NULL,
   'cavvResponseCode' => NULL,
   'commercialIndicator' => NULL,
   'cvnResponseCode' => 'M',
   'cvnResponseMessage' => NULL,
   'emvIssuerResponse' => NULL,
   'pointsBalanceAmount' => NULL,
   'recurringDataCode' => NULL,
   'referenceNumber' => NULL,
   'responseCode' => '00',
   'responseMessage' => 'Approved',
   'responseValues' => 
  array (
    'CAVV' => 'AAACA5gkByIBKBIVQiQHAAAAAAA=',
    'AVSADDRESSRESULT' => 'U',
    'AUTHENTICATION_VALUE' => '',
    'ECI' => '5',
    'CVNRESULT' => 'M',
    'HPP_LANG' => 'es',
    'MESSAGE_VERSION' => '',
    'PASREF' => '16433685424049954',
    'BATCHID' => '13105225',
    'MESSAGE' => 'Approved',
    'DS_TRANS_ID' => '',
    'ACCOUNT' => 'internet',
    'XID' => '26TrHyBbMiZe1RvQHEx6ID2kpvA=',
    'SHA1HASH' => 'ce3b1441d93218bd404dc1b63d3bf7c372d9dd7a',
    'AVSPOSTCODERESULT' => 'U',
    'ORDER_ID' => '28012022_12-14_SDK_v2-1-0_ZjRhZDVlODgtMT',
    'AMOUNT' => '7640',
    'TIMESTAMP' => '20220128121407',
    'pas_uuid' => '471f0337-c9f3-40ec-a8bc-9ef65478bab3',
    'HPP_FRAUDFILTER_RESULT' => 'NOT_EXECUTED',
    'RESULT' => '00',
    'AUTHCODE' => '835819',
    'MERCHANT_ID' => '351894514',
  ),
   'schemeId' => NULL,
   'threeDSecure' => NULL,
   'timestamp' => NULL,
   'transactionDescriptor' => NULL,
   'token' => NULL,
   'transactionReference' => 
  AddonPayments\Api\PaymentMethods\TransactionReference::__set_state(array(
     'paymentMethodType' => 1,
     'authCode' => '835819',
     'transactionId' => '16433685424049954',
     'orderId' => '28012022_12-14_SDK_v2-1-0_ZjRhZDVlODgtMT',
  )),
   'giftCard' => NULL,
   'dccResponseResult' => NULL,
   'fraudFilterResponse' => NULL,
   'avsAddressResponse' => NULL,
   'alternativePaymentResponse' => NULL,
))

/var/www/vhosts/rosistirem.com/laravel/app/Http/Controllers/WebController.php:318
AddonPayments\Api\Entities\Transaction::__set_state(array(
   'authorizedAmount' => '2890',
   'availableBalance' => NULL,
   'avsResponseCode' => 'U',
   'avsResponseMessage' => NULL,
   'balanceAmount' => NULL,
   'batchSummary' => NULL,
   'cardType' => NULL,
   'cardLast4' => NULL,
   'cavvResponseCode' => NULL,
   'commercialIndicator' => NULL,
   'cvnResponseCode' => 'M',
   'cvnResponseMessage' => NULL,
   'emvIssuerResponse' => NULL,
   'pointsBalanceAmount' => NULL,
   'recurringDataCode' => NULL,
   'referenceNumber' => NULL,
   'responseCode' => '00',
   'responseMessage' => 'Approved',
   'responseValues' => 
  array (
    'CAVV' => 'jK+InSjEzkWFCREAAACAB4kAAAA=',
    'AVSADDRESSRESULT' => 'U',
    'AUTHENTICATION_VALUE' => '',
    'ECI' => '2',
    'CVNRESULT' => 'M',
    'HPP_LANG' => 'es',
    'MESSAGE_VERSION' => '',
    'PASREF' => '16435414729573366',
    'BATCHID' => '13112561',
    'MESSAGE' => 'Approved',
    'DS_TRANS_ID' => '',
    'ACCOUNT' => 'internet',
    'XID' => 'DgOS/A7ikP/tpTXOAvJ1OkWfzM0=',
    'SHA1HASH' => '5df5db935f9b685aa69d5bcafef74f99bf331bab',
    'AVSPOSTCODERESULT' => 'U',
    'ORDER_ID' => '30012022_12-16_SDK_v2-1-0_OTkzYTcwYzMtZT',
    'AMOUNT' => '2890',
    'TIMESTAMP' => '20220130121617',
    'pas_uuid' => '33164a25-62b5-44fe-a35c-49e535d1268e',
    'HPP_FRAUDFILTER_RESULT' => 'NOT_EXECUTED',
    'RESULT' => '00',
    'AUTHCODE' => '441785',
    'MERCHANT_ID' => '351894514',
  ),
   'schemeId' => NULL,
   'threeDSecure' => NULL,
   'timestamp' => NULL,
   'transactionDescriptor' => NULL,
   'token' => NULL,
   'transactionReference' => 
  AddonPayments\Api\PaymentMethods\TransactionReference::__set_state(array(
     'paymentMethodType' => 1,
     'authCode' => '441785',
     'transactionId' => '16435414729573366',
     'orderId' => '30012022_12-16_SDK_v2-1-0_OTkzYTcwYzMtZT',
  )),
   'giftCard' => NULL,
   'dccResponseResult' => NULL,
   'fraudFilterResponse' => NULL,
   'avsAddressResponse' => NULL,
   'alternativePaymentResponse' => NULL,
))

/var/www/vhosts/rosistirem.com/laravel/app/Http/Controllers/WebController.php:318
AddonPayments\Api\Entities\Transaction::__set_state(array(
   'authorizedAmount' => '3780',
   'availableBalance' => NULL,
   'avsResponseCode' => 'U',
   'avsResponseMessage' => NULL,
   'balanceAmount' => NULL,
   'batchSummary' => NULL,
   'cardType' => NULL,
   'cardLast4' => NULL,
   'cavvResponseCode' => NULL,
   'commercialIndicator' => NULL,
   'cvnResponseCode' => 'M',
   'cvnResponseMessage' => NULL,
   'emvIssuerResponse' => NULL,
   'pointsBalanceAmount' => NULL,
   'recurringDataCode' => NULL,
   'referenceNumber' => NULL,
   'responseCode' => '00',
   'responseMessage' => 'Approved',
   'responseValues' => 
  array (
    'CAVV' => 'hq+InSjEzkWFCAEAAB5oCCkAAAA=',
    'AVSADDRESSRESULT' => 'U',
    'AUTHENTICATION_VALUE' => '',
    'ECI' => '1',
    'CVNRESULT' => 'M',
    'HPP_LANG' => 'es',
    'MESSAGE_VERSION' => '',
    'PASREF' => '16436122599786306',
    'BATCHID' => '13115097',
    'MESSAGE' => 'Approved',
    'DS_TRANS_ID' => '',
    'ACCOUNT' => 'internet',
    'XID' => 'TzIJm/5p5PtjmAcF9P7iJGIatWE=',
    'SHA1HASH' => 'c83aaf32528ff6dd95ca215c3682ef6c8189fd95',
    'AVSPOSTCODERESULT' => 'U',
    'ORDER_ID' => '31012022_07-55_SDK_v2-1-0_YzhlMjg0NjYtZm',
    'AMOUNT' => '3780',
    'TIMESTAMP' => '20220131075528',
    'pas_uuid' => 'd29c2597-3d21-4c62-91c9-03ad8e39d38d',
    'HPP_FRAUDFILTER_RESULT' => 'NOT_EXECUTED',
    'RESULT' => '00',
    'AUTHCODE' => '135671',
    'MERCHANT_ID' => '351894514',
  ),
   'schemeId' => NULL,
   'threeDSecure' => NULL,
   'timestamp' => NULL,
   'transactionDescriptor' => NULL,
   'token' => NULL,
   'transactionReference' => 
  AddonPayments\Api\PaymentMethods\TransactionReference::__set_state(array(
     'paymentMethodType' => 1,
     'authCode' => '135671',
     'transactionId' => '16436122599786306',
     'orderId' => '31012022_07-55_SDK_v2-1-0_YzhlMjg0NjYtZm',
  )),
   'giftCard' => NULL,
   'dccResponseResult' => NULL,
   'fraudFilterResponse' => NULL,
   'avsAddressResponse' => NULL,
   'alternativePaymentResponse' => NULL,
))

/var/www/vhosts/rosistirem.com/laravel/app/Http/Controllers/WebController.php:318
AddonPayments\Api\Entities\Transaction::__set_state(array(
   'authorizedAmount' => '5970',
   'availableBalance' => NULL,
   'avsResponseCode' => 'U',
   'avsResponseMessage' => NULL,
   'balanceAmount' => NULL,
   'batchSummary' => NULL,
   'cardType' => NULL,
   'cardLast4' => NULL,
   'cavvResponseCode' => NULL,
   'commercialIndicator' => NULL,
   'cvnResponseCode' => 'M',
   'cvnResponseMessage' => NULL,
   'emvIssuerResponse' => NULL,
   'pointsBalanceAmount' => NULL,
   'recurringDataCode' => NULL,
   'referenceNumber' => NULL,
   'responseCode' => '00',
   'responseMessage' => 'Approved',
   'responseValues' => 
  array (
    'CAVV' => 'jK+InSjEzkWFCREAACTZCHgAAAA=',
    'AVSADDRESSRESULT' => 'U',
    'AUTHENTICATION_VALUE' => '',
    'ECI' => '2',
    'CVNRESULT' => 'M',
    'HPP_LANG' => 'es',
    'MESSAGE_VERSION' => '',
    'PASREF' => '1643620084251673',
    'BATCHID' => '13115097',
    'MESSAGE' => 'Approved',
    'DS_TRANS_ID' => '',
    'ACCOUNT' => 'internet',
    'XID' => '28uZFnpf+6OSndVTL93zq6Ge59Q=',
    'SHA1HASH' => 'bad6f71f60314b6de15e288706fb81eedf48b5e8',
    'AVSPOSTCODERESULT' => 'U',
    'ORDER_ID' => '31012022_10-05_SDK_v2-1-0_MmE4ODJiZDEtOD',
    'AMOUNT' => '5970',
    'TIMESTAMP' => '20220131100526',
    'pas_uuid' => 'f1caf943-05e8-40c3-b362-9dfa7b0b2483',
    'HPP_FRAUDFILTER_RESULT' => 'NOT_EXECUTED',
    'RESULT' => '00',
    'AUTHCODE' => '080268',
    'MERCHANT_ID' => '351894514',
  ),
   'schemeId' => NULL,
   'threeDSecure' => NULL,
   'timestamp' => NULL,
   'transactionDescriptor' => NULL,
   'token' => NULL,
   'transactionReference' => 
  AddonPayments\Api\PaymentMethods\TransactionReference::__set_state(array(
     'paymentMethodType' => 1,
     'authCode' => '080268',
     'transactionId' => '1643620084251673',
     'orderId' => '31012022_10-05_SDK_v2-1-0_MmE4ODJiZDEtOD',
  )),
   'giftCard' => NULL,
   'dccResponseResult' => NULL,
   'fraudFilterResponse' => NULL,
   'avsAddressResponse' => NULL,
   'alternativePaymentResponse' => NULL,
))

/var/www/vhosts/rosistirem.com/laravel/app/Http/Controllers/WebController.php:318
AddonPayments\Api\Entities\Transaction::__set_state(array(
   'authorizedAmount' => '4480',
   'availableBalance' => NULL,
   'avsResponseCode' => 'U',
   'avsResponseMessage' => NULL,
   'balanceAmount' => NULL,
   'batchSummary' => NULL,
   'cardType' => NULL,
   'cardLast4' => NULL,
   'cavvResponseCode' => NULL,
   'commercialIndicator' => NULL,
   'cvnResponseCode' => 'M',
   'cvnResponseMessage' => NULL,
   'emvIssuerResponse' => NULL,
   'pointsBalanceAmount' => NULL,
   'recurringDataCode' => NULL,
   'referenceNumber' => NULL,
   'responseCode' => '00',
   'responseMessage' => 'Approved',
   'responseValues' => 
  array (
    'CAVV' => 'jK+InSjEzkWFCREAAA8wApIAAAA=',
    'AVSADDRESSRESULT' => 'U',
    'AUTHENTICATION_VALUE' => '',
    'ECI' => '2',
    'CVNRESULT' => 'M',
    'HPP_LANG' => 'es',
    'MESSAGE_VERSION' => '',
    'PASREF' => '16437158191621503',
    'BATCHID' => '13120462',
    'MESSAGE' => 'Approved',
    'DS_TRANS_ID' => '',
    'ACCOUNT' => 'internet',
    'XID' => 'eqmWD6MAeFIAvViWRTgbSM/Ca8c=',
    'SHA1HASH' => '0de20ac8266d7853e570c49b7256aef4708e2a2e',
    'AVSPOSTCODERESULT' => 'U',
    'ORDER_ID' => '01022022_12-40_SDK_v2-1-0_N2JjYTM2NTktZT',
    'AMOUNT' => '4480',
    'TIMESTAMP' => '20220201124002',
    'pas_uuid' => '5f2d97d4-81a3-4fd6-b282-d85ff2c66b3f',
    'HPP_FRAUDFILTER_RESULT' => 'NOT_EXECUTED',
    'RESULT' => '00',
    'AUTHCODE' => '790305',
    'MERCHANT_ID' => '351894514',
  ),
   'schemeId' => NULL,
   'threeDSecure' => NULL,
   'timestamp' => NULL,
   'transactionDescriptor' => NULL,
   'token' => NULL,
   'transactionReference' => 
  AddonPayments\Api\PaymentMethods\TransactionReference::__set_state(array(
     'paymentMethodType' => 1,
     'authCode' => '790305',
     'transactionId' => '16437158191621503',
     'orderId' => '01022022_12-40_SDK_v2-1-0_N2JjYTM2NTktZT',
  )),
   'giftCard' => NULL,
   'dccResponseResult' => NULL,
   'fraudFilterResponse' => NULL,
   'avsAddressResponse' => NULL,
   'alternativePaymentResponse' => NULL,
))

/var/www/vhosts/rosistirem.com/laravel/app/Http/Controllers/WebController.php:318
AddonPayments\Api\Entities\Transaction::__set_state(array(
   'authorizedAmount' => '5960',
   'availableBalance' => NULL,
   'avsResponseCode' => 'U',
   'avsResponseMessage' => NULL,
   'balanceAmount' => NULL,
   'batchSummary' => NULL,
   'cardType' => NULL,
   'cardLast4' => NULL,
   'cavvResponseCode' => NULL,
   'commercialIndicator' => NULL,
   'cvnResponseCode' => 'M',
   'cvnResponseMessage' => NULL,
   'emvIssuerResponse' => NULL,
   'pointsBalanceAmount' => NULL,
   'recurringDataCode' => NULL,
   'referenceNumber' => NULL,
   'responseCode' => '00',
   'responseMessage' => 'Approved',
   'responseValues' => 
  array (
    'CAVV' => 'jK+InSjEzkWFCREAAB6fAYAAAAA=',
    'AVSADDRESSRESULT' => 'U',
    'AUTHENTICATION_VALUE' => '',
    'ECI' => '2',
    'CVNRESULT' => 'M',
    'HPP_LANG' => 'es',
    'MESSAGE_VERSION' => '',
    'PASREF' => '16437959601738942',
    'BATCHID' => '13124830',
    'MESSAGE' => 'Approved',
    'DS_TRANS_ID' => '',
    'ACCOUNT' => 'internet',
    'XID' => 'Fcq8RSFy2/zymxtUgovmkVXK660=',
    'SHA1HASH' => '33fe0d961677a933bcf9327a01f5dbf4dd6d6d5e',
    'AVSPOSTCODERESULT' => 'U',
    'ORDER_ID' => '02022022_10-56_SDK_v2-1-0_MjJlY2M3ZGEtNm',
    'AMOUNT' => '5960',
    'TIMESTAMP' => '20220202105632',
    'pas_uuid' => 'e9a79bee-0268-4007-b19f-f3ca2aed7c5d',
    'HPP_FRAUDFILTER_RESULT' => 'NOT_EXECUTED',
    'RESULT' => '00',
    'AUTHCODE' => '155517',
    'MERCHANT_ID' => '351894514',
  ),
   'schemeId' => NULL,
   'threeDSecure' => NULL,
   'timestamp' => NULL,
   'transactionDescriptor' => NULL,
   'token' => NULL,
   'transactionReference' => 
  AddonPayments\Api\PaymentMethods\TransactionReference::__set_state(array(
     'paymentMethodType' => 1,
     'authCode' => '155517',
     'transactionId' => '16437959601738942',
     'orderId' => '02022022_10-56_SDK_v2-1-0_MjJlY2M3ZGEtNm',
  )),
   'giftCard' => NULL,
   'dccResponseResult' => NULL,
   'fraudFilterResponse' => NULL,
   'avsAddressResponse' => NULL,
   'alternativePaymentResponse' => NULL,
))

/var/www/vhosts/rosistirem.com/laravel/app/Http/Controllers/WebController.php:318
AddonPayments\Api\Entities\Transaction::__set_state(array(
   'authorizedAmount' => '2890',
   'availableBalance' => NULL,
   'avsResponseCode' => 'U',
   'avsResponseMessage' => NULL,
   'balanceAmount' => NULL,
   'batchSummary' => NULL,
   'cardType' => NULL,
   'cardLast4' => NULL,
   'cavvResponseCode' => NULL,
   'commercialIndicator' => NULL,
   'cvnResponseCode' => 'M',
   'cvnResponseMessage' => NULL,
   'emvIssuerResponse' => NULL,
   'pointsBalanceAmount' => NULL,
   'recurringDataCode' => NULL,
   'referenceNumber' => NULL,
   'responseCode' => '00',
   'responseMessage' => 'Approved',
   'responseValues' => 
  array (
    'CAVV' => 'AAACA5ElJiICBBJJGCUmAAAAAAA=',
    'AVSADDRESSRESULT' => 'U',
    'AUTHENTICATION_VALUE' => '',
    'ECI' => '5',
    'CVNRESULT' => 'M',
    'HPP_LANG' => 'ca',
    'MESSAGE_VERSION' => '',
    'PASREF' => '16439753640301687',
    'BATCHID' => '13134154',
    'MESSAGE' => 'Approved',
    'DS_TRANS_ID' => '',
    'ACCOUNT' => 'internet',
    'XID' => 'hZ65JMQumdMGF7zlWVtC5QjRLAE=',
    'SHA1HASH' => 'cc6d852ab8a7deefc875779b22e96546017fd925',
    'AVSPOSTCODERESULT' => 'U',
    'ORDER_ID' => '04022022_12-31_SDK_v2-1-0_YWEwOTgxMjctYj',
    'AMOUNT' => '2890',
    'TIMESTAMP' => '20220204123123',
    'pas_uuid' => '263ef8ec-2d27-43ef-a0c2-6ef10d8e13c8',
    'HPP_FRAUDFILTER_RESULT' => 'NOT_EXECUTED',
    'RESULT' => '00',
    'AUTHCODE' => '291864',
    'MERCHANT_ID' => '351894514',
  ),
   'schemeId' => NULL,
   'threeDSecure' => NULL,
   'timestamp' => NULL,
   'transactionDescriptor' => NULL,
   'token' => NULL,
   'transactionReference' => 
  AddonPayments\Api\PaymentMethods\TransactionReference::__set_state(array(
     'paymentMethodType' => 1,
     'authCode' => '291864',
     'transactionId' => '16439753640301687',
     'orderId' => '04022022_12-31_SDK_v2-1-0_YWEwOTgxMjctYj',
  )),
   'giftCard' => NULL,
   'dccResponseResult' => NULL,
   'fraudFilterResponse' => NULL,
   'avsAddressResponse' => NULL,
   'alternativePaymentResponse' => NULL,
))

/var/www/vhosts/rosistirem.com/laravel/app/Http/Controllers/WebController.php:318
AddonPayments\Api\Entities\Transaction::__set_state(array(
   'authorizedAmount' => '4480',
   'availableBalance' => NULL,
   'avsResponseCode' => 'U',
   'avsResponseMessage' => NULL,
   'balanceAmount' => NULL,
   'batchSummary' => NULL,
   'cardType' => NULL,
   'cardLast4' => NULL,
   'cavvResponseCode' => NULL,
   'commercialIndicator' => NULL,
   'cvnResponseCode' => 'M',
   'cvnResponseMessage' => NULL,
   'emvIssuerResponse' => NULL,
   'pointsBalanceAmount' => NULL,
   'recurringDataCode' => NULL,
   'referenceNumber' => NULL,
   'responseCode' => '00',
   'responseMessage' => 'Approved',
   'responseValues' => 
  array (
    'CAVV' => 'jK+InSjEzkWFCREAAB05AIIAAAA=',
    'AVSADDRESSRESULT' => 'U',
    'AUTHENTICATION_VALUE' => '',
    'ECI' => '2',
    'CVNRESULT' => 'M',
    'HPP_LANG' => 'ca',
    'MESSAGE_VERSION' => '',
    'PASREF' => '16440015623196853',
    'BATCHID' => '13134154',
    'MESSAGE' => 'Approved',
    'DS_TRANS_ID' => '',
    'ACCOUNT' => 'internet',
    'XID' => 'Vi3dmcH6tvzFq+806+HY/Qjh4Bk=',
    'SHA1HASH' => '938a43d46f5b234d8d5275ada9b82bb1e97f5b73',
    'AVSPOSTCODERESULT' => 'U',
    'ORDER_ID' => '04022022_20-01_SDK_v2-1-0_ZGMzYjVlMjItYz',
    'AMOUNT' => '4480',
    'TIMESTAMP' => '20220204200158',
    'pas_uuid' => '88696593-a31f-4d83-9902-53bf90242296',
    'HPP_FRAUDFILTER_RESULT' => 'NOT_EXECUTED',
    'RESULT' => '00',
    'AUTHCODE' => '960953',
    'MERCHANT_ID' => '351894514',
  ),
   'schemeId' => NULL,
   'threeDSecure' => NULL,
   'timestamp' => NULL,
   'transactionDescriptor' => NULL,
   'token' => NULL,
   'transactionReference' => 
  AddonPayments\Api\PaymentMethods\TransactionReference::__set_state(array(
     'paymentMethodType' => 1,
     'authCode' => '960953',
     'transactionId' => '16440015623196853',
     'orderId' => '04022022_20-01_SDK_v2-1-0_ZGMzYjVlMjItYz',
  )),
   'giftCard' => NULL,
   'dccResponseResult' => NULL,
   'fraudFilterResponse' => NULL,
   'avsAddressResponse' => NULL,
   'alternativePaymentResponse' => NULL,
))

/var/www/vhosts/rosistirem.com/laravel/app/Http/Controllers/WebController.php:318
AddonPayments\Api\Entities\Transaction::__set_state(array(
   'authorizedAmount' => '3042',
   'availableBalance' => NULL,
   'avsResponseCode' => 'U',
   'avsResponseMessage' => NULL,
   'balanceAmount' => NULL,
   'batchSummary' => NULL,
   'cardType' => NULL,
   'cardLast4' => NULL,
   'cavvResponseCode' => NULL,
   'commercialIndicator' => NULL,
   'cvnResponseCode' => 'M',
   'cvnResponseMessage' => NULL,
   'emvIssuerResponse' => NULL,
   'pointsBalanceAmount' => NULL,
   'recurringDataCode' => NULL,
   'referenceNumber' => NULL,
   'responseCode' => '00',
   'responseMessage' => 'Approved',
   'responseValues' => 
  array (
    'CAVV' => 'AAACAzd1lyICBhIgRHWXAAAAAAA=',
    'AVSADDRESSRESULT' => 'U',
    'AUTHENTICATION_VALUE' => '',
    'ECI' => '5',
    'CVNRESULT' => 'M',
    'HPP_LANG' => 'ca',
    'MESSAGE_VERSION' => '',
    'PASREF' => '16441464449153340',
    'BATCHID' => '13141571',
    'MESSAGE' => 'Approved',
    'DS_TRANS_ID' => '',
    'ACCOUNT' => 'internet',
    'XID' => '+wFRAo7wufonjGo/HAP5iCVnaC4=',
    'SHA1HASH' => 'd7fda995050e2a83458c9538eb1fd1b3325d5ec8',
    'AVSPOSTCODERESULT' => 'U',
    'ORDER_ID' => '06022022_12-18_SDK_v2-1-0_ZDYwYmUzMTAtYj',
    'AMOUNT' => '3042',
    'TIMESTAMP' => '20220206121838',
    'pas_uuid' => 'c4c1d4f4-8ea8-4201-9269-e1d8b893a5fd',
    'HPP_FRAUDFILTER_RESULT' => 'NOT_EXECUTED',
    'RESULT' => '00',
    'AUTHCODE' => '204556',
    'MERCHANT_ID' => '351894514',
  ),
   'schemeId' => NULL,
   'threeDSecure' => NULL,
   'timestamp' => NULL,
   'transactionDescriptor' => NULL,
   'token' => NULL,
   'transactionReference' => 
  AddonPayments\Api\PaymentMethods\TransactionReference::__set_state(array(
     'paymentMethodType' => 1,
     'authCode' => '204556',
     'transactionId' => '16441464449153340',
     'orderId' => '06022022_12-18_SDK_v2-1-0_ZDYwYmUzMTAtYj',
  )),
   'giftCard' => NULL,
   'dccResponseResult' => NULL,
   'fraudFilterResponse' => NULL,
   'avsAddressResponse' => NULL,
   'alternativePaymentResponse' => NULL,
))

/var/www/vhosts/rosistirem.com/laravel/app/Http/Controllers/WebController.php:318
AddonPayments\Api\Entities\Transaction::__set_state(array(
   'authorizedAmount' => '4270',
   'availableBalance' => NULL,
   'avsResponseCode' => 'U',
   'avsResponseMessage' => NULL,
   'balanceAmount' => NULL,
   'batchSummary' => NULL,
   'cardType' => NULL,
   'cardLast4' => NULL,
   'cavvResponseCode' => NULL,
   'commercialIndicator' => NULL,
   'cvnResponseCode' => 'M',
   'cvnResponseMessage' => NULL,
   'emvIssuerResponse' => NULL,
   'pointsBalanceAmount' => NULL,
   'recurringDataCode' => NULL,
   'referenceNumber' => NULL,
   'responseCode' => '00',
   'responseMessage' => 'Approved',
   'responseValues' => 
  array (
    'CAVV' => 'jK+InSjEzkWFCREAAAisA5IAAAA=',
    'AVSADDRESSRESULT' => 'U',
    'AUTHENTICATION_VALUE' => '',
    'ECI' => '2',
    'CVNRESULT' => 'M',
    'HPP_LANG' => 'ca',
    'MESSAGE_VERSION' => '',
    'PASREF' => '1644262797993249',
    'BATCHID' => '13147725',
    'MESSAGE' => 'Approved',
    'DS_TRANS_ID' => '',
    'ACCOUNT' => 'internet',
    'XID' => 'XXRDO/bcgwfRBu9EQpSP95rGrFM=',
    'SHA1HASH' => '5053ad02827a07a9345aed0765fe9bdd29921ffc',
    'AVSPOSTCODERESULT' => 'U',
    'ORDER_ID' => '07022022_20-38_SDK_v2-1-0_OGFlMmViNzQtM2',
    'AMOUNT' => '4270',
    'TIMESTAMP' => '20220207203825',
    'pas_uuid' => 'd3185528-382e-4ea4-939b-e218f113e477',
    'HPP_FRAUDFILTER_RESULT' => 'NOT_EXECUTED',
    'RESULT' => '00',
    'AUTHCODE' => '154021',
    'MERCHANT_ID' => '351894514',
  ),
   'schemeId' => NULL,
   'threeDSecure' => NULL,
   'timestamp' => NULL,
   'transactionDescriptor' => NULL,
   'token' => NULL,
   'transactionReference' => 
  AddonPayments\Api\PaymentMethods\TransactionReference::__set_state(array(
     'paymentMethodType' => 1,
     'authCode' => '154021',
     'transactionId' => '1644262797993249',
     'orderId' => '07022022_20-38_SDK_v2-1-0_OGFlMmViNzQtM2',
  )),
   'giftCard' => NULL,
   'dccResponseResult' => NULL,
   'fraudFilterResponse' => NULL,
   'avsAddressResponse' => NULL,
   'alternativePaymentResponse' => NULL,
))

/var/www/vhosts/rosistirem.com/laravel/app/Http/Controllers/WebController.php:318
AddonPayments\Api\Entities\Transaction::__set_state(array(
   'authorizedAmount' => '4870',
   'availableBalance' => NULL,
   'avsResponseCode' => 'U',
   'avsResponseMessage' => NULL,
   'balanceAmount' => NULL,
   'batchSummary' => NULL,
   'cardType' => NULL,
   'cardLast4' => NULL,
   'cavvResponseCode' => NULL,
   'commercialIndicator' => NULL,
   'cvnResponseCode' => 'I',
   'cvnResponseMessage' => NULL,
   'emvIssuerResponse' => NULL,
   'pointsBalanceAmount' => NULL,
   'recurringDataCode' => NULL,
   'referenceNumber' => NULL,
   'responseCode' => '101',
   'responseMessage' => 'Card not supported by the system',
   'responseValues' => 
  array (
    'CAVV' => '',
    'AVSADDRESSRESULT' => 'U',
    'AUTHENTICATION_VALUE' => '',
    'ECI' => '6',
    'CVNRESULT' => 'I',
    'HPP_LANG' => 'ca',
    'MESSAGE_VERSION' => '',
    'PASREF' => '16443995554969649',
    'BATCHID' => '13153815',
    'MESSAGE' => 'Card not supported by the system',
    'DS_TRANS_ID' => '',
    'ACCOUNT' => 'internet',
    'XID' => '',
    'SHA1HASH' => '8cc87427d496f90e7dfdacaf72d834947370aaa4',
    'AVSPOSTCODERESULT' => 'U',
    'ORDER_ID' => '09022022_10-38_SDK_v2-1-0_MmQ1NzZjYjEtMm',
    'AMOUNT' => '4870',
    'TIMESTAMP' => '20220209103839',
    'pas_uuid' => 'b4e77253-41c1-445d-ad1c-9a47be55bf98',
    'HPP_FRAUDFILTER_RESULT' => 'NOT_EXECUTED',
    'RESULT' => '101',
    'AUTHCODE' => '',
    'MERCHANT_ID' => '351894514',
  ),
   'schemeId' => NULL,
   'threeDSecure' => NULL,
   'timestamp' => NULL,
   'transactionDescriptor' => NULL,
   'token' => NULL,
   'transactionReference' => 
  AddonPayments\Api\PaymentMethods\TransactionReference::__set_state(array(
     'paymentMethodType' => 1,
     'authCode' => '',
     'transactionId' => '16443995554969649',
     'orderId' => '09022022_10-38_SDK_v2-1-0_MmQ1NzZjYjEtMm',
  )),
   'giftCard' => NULL,
   'dccResponseResult' => NULL,
   'fraudFilterResponse' => NULL,
   'avsAddressResponse' => NULL,
   'alternativePaymentResponse' => NULL,
))

/var/www/vhosts/rosistirem.com/laravel/app/Http/Controllers/WebController.php:318
AddonPayments\Api\Entities\Transaction::__set_state(array(
   'authorizedAmount' => '5780',
   'availableBalance' => NULL,
   'avsResponseCode' => 'U',
   'avsResponseMessage' => NULL,
   'balanceAmount' => NULL,
   'batchSummary' => NULL,
   'cardType' => NULL,
   'cardLast4' => NULL,
   'cavvResponseCode' => NULL,
   'commercialIndicator' => NULL,
   'cvnResponseCode' => 'I',
   'cvnResponseMessage' => NULL,
   'emvIssuerResponse' => NULL,
   'pointsBalanceAmount' => NULL,
   'recurringDataCode' => NULL,
   'referenceNumber' => NULL,
   'responseCode' => '101',
   'responseMessage' => 'Predicted for several reasons',
   'responseValues' => 
  array (
    'CAVV' => 'jK+InSjEzkWFCBANTf21ABUAAAA=',
    'AVSADDRESSRESULT' => 'U',
    'AUTHENTICATION_VALUE' => '',
    'ECI' => '2',
    'CVNRESULT' => 'I',
    'HPP_LANG' => 'ca',
    'MESSAGE_VERSION' => '',
    'PASREF' => '16444411128433489',
    'BATCHID' => '13153815',
    'MESSAGE' => 'Predicted for several reasons',
    'DS_TRANS_ID' => '',
    'ACCOUNT' => 'internet',
    'XID' => 'TqGe+EzdW26MFAzOs8O6+eCb7RA=',
    'SHA1HASH' => '5dc661011c4e93b7dd9d8437aa1b3b33164ac62e',
    'AVSPOSTCODERESULT' => 'U',
    'ORDER_ID' => '09022022_22-10_SDK_v2-1-0_MjUwNWM4OGUtNj',
    'AMOUNT' => '5780',
    'TIMESTAMP' => '20220209221047',
    'pas_uuid' => 'e8af5725-9703-4e05-b6e5-9f70269581f0',
    'HPP_FRAUDFILTER_RESULT' => 'NOT_EXECUTED',
    'RESULT' => '101',
    'AUTHCODE' => '',
    'MERCHANT_ID' => '351894514',
  ),
   'schemeId' => NULL,
   'threeDSecure' => NULL,
   'timestamp' => NULL,
   'transactionDescriptor' => NULL,
   'token' => NULL,
   'transactionReference' => 
  AddonPayments\Api\PaymentMethods\TransactionReference::__set_state(array(
     'paymentMethodType' => 1,
     'authCode' => '',
     'transactionId' => '16444411128433489',
     'orderId' => '09022022_22-10_SDK_v2-1-0_MjUwNWM4OGUtNj',
  )),
   'giftCard' => NULL,
   'dccResponseResult' => NULL,
   'fraudFilterResponse' => NULL,
   'avsAddressResponse' => NULL,
   'alternativePaymentResponse' => NULL,
))

/var/www/vhosts/rosistirem.com/laravel/app/Http/Controllers/WebController.php:318
AddonPayments\Api\Entities\Transaction::__set_state(array(
   'authorizedAmount' => '5780',
   'availableBalance' => NULL,
   'avsResponseCode' => 'U',
   'avsResponseMessage' => NULL,
   'balanceAmount' => NULL,
   'batchSummary' => NULL,
   'cardType' => NULL,
   'cardLast4' => NULL,
   'cavvResponseCode' => NULL,
   'commercialIndicator' => NULL,
   'cvnResponseCode' => 'I',
   'cvnResponseMessage' => NULL,
   'emvIssuerResponse' => NULL,
   'pointsBalanceAmount' => NULL,
   'recurringDataCode' => NULL,
   'referenceNumber' => NULL,
   'responseCode' => '101',
   'responseMessage' => 'Predicted for several reasons',
   'responseValues' => 
  array (
    'CAVV' => 'jK+InSjEzkWFCBANTf21ABUAAAA=',
    'AVSADDRESSRESULT' => 'U',
    'AUTHENTICATION_VALUE' => '',
    'ECI' => '2',
    'CVNRESULT' => 'I',
    'HPP_LANG' => 'ca',
    'MESSAGE_VERSION' => '',
    'PASREF' => '16444411128433489',
    'BATCHID' => '13153815',
    'MESSAGE' => 'Predicted for several reasons',
    'DS_TRANS_ID' => '',
    'ACCOUNT' => 'internet',
    'XID' => 'TqGe+EzdW26MFAzOs8O6+eCb7RA=',
    'SHA1HASH' => '5dc661011c4e93b7dd9d8437aa1b3b33164ac62e',
    'AVSPOSTCODERESULT' => 'U',
    'ORDER_ID' => '09022022_22-10_SDK_v2-1-0_MjUwNWM4OGUtNj',
    'AMOUNT' => '5780',
    'TIMESTAMP' => '20220209221047',
    'pas_uuid' => 'e8af5725-9703-4e05-b6e5-9f70269581f0',
    'HPP_FRAUDFILTER_RESULT' => 'NOT_EXECUTED',
    'RESULT' => '101',
    'AUTHCODE' => '',
    'MERCHANT_ID' => '351894514',
  ),
   'schemeId' => NULL,
   'threeDSecure' => NULL,
   'timestamp' => NULL,
   'transactionDescriptor' => NULL,
   'token' => NULL,
   'transactionReference' => 
  AddonPayments\Api\PaymentMethods\TransactionReference::__set_state(array(
     'paymentMethodType' => 1,
     'authCode' => '',
     'transactionId' => '16444411128433489',
     'orderId' => '09022022_22-10_SDK_v2-1-0_MjUwNWM4OGUtNj',
  )),
   'giftCard' => NULL,
   'dccResponseResult' => NULL,
   'fraudFilterResponse' => NULL,
   'avsAddressResponse' => NULL,
   'alternativePaymentResponse' => NULL,
))

/var/www/vhosts/rosistirem.com/laravel/app/Http/Controllers/WebController.php:318
AddonPayments\Api\Entities\Transaction::__set_state(array(
   'authorizedAmount' => '5780',
   'availableBalance' => NULL,
   'avsResponseCode' => 'U',
   'avsResponseMessage' => NULL,
   'balanceAmount' => NULL,
   'batchSummary' => NULL,
   'cardType' => NULL,
   'cardLast4' => NULL,
   'cavvResponseCode' => NULL,
   'commercialIndicator' => NULL,
   'cvnResponseCode' => 'I',
   'cvnResponseMessage' => NULL,
   'emvIssuerResponse' => NULL,
   'pointsBalanceAmount' => NULL,
   'recurringDataCode' => NULL,
   'referenceNumber' => NULL,
   'responseCode' => '101',
   'responseMessage' => 'Predicted for several reasons',
   'responseValues' => 
  array (
    'CAVV' => 'jK+InSjEzkWFCBANTf21ABUAAAA=',
    'AVSADDRESSRESULT' => 'U',
    'AUTHENTICATION_VALUE' => '',
    'ECI' => '2',
    'CVNRESULT' => 'I',
    'HPP_LANG' => 'ca',
    'MESSAGE_VERSION' => '',
    'PASREF' => '16444411128433489',
    'BATCHID' => '13153815',
    'MESSAGE' => 'Predicted for several reasons',
    'DS_TRANS_ID' => '',
    'ACCOUNT' => 'internet',
    'XID' => 'TqGe+EzdW26MFAzOs8O6+eCb7RA=',
    'SHA1HASH' => '5dc661011c4e93b7dd9d8437aa1b3b33164ac62e',
    'AVSPOSTCODERESULT' => 'U',
    'ORDER_ID' => '09022022_22-10_SDK_v2-1-0_MjUwNWM4OGUtNj',
    'AMOUNT' => '5780',
    'TIMESTAMP' => '20220209221047',
    'pas_uuid' => 'e8af5725-9703-4e05-b6e5-9f70269581f0',
    'HPP_FRAUDFILTER_RESULT' => 'NOT_EXECUTED',
    'RESULT' => '101',
    'AUTHCODE' => '',
    'MERCHANT_ID' => '351894514',
  ),
   'schemeId' => NULL,
   'threeDSecure' => NULL,
   'timestamp' => NULL,
   'transactionDescriptor' => NULL,
   'token' => NULL,
   'transactionReference' => 
  AddonPayments\Api\PaymentMethods\TransactionReference::__set_state(array(
     'paymentMethodType' => 1,
     'authCode' => '',
     'transactionId' => '16444411128433489',
     'orderId' => '09022022_22-10_SDK_v2-1-0_MjUwNWM4OGUtNj',
  )),
   'giftCard' => NULL,
   'dccResponseResult' => NULL,
   'fraudFilterResponse' => NULL,
   'avsAddressResponse' => NULL,
   'alternativePaymentResponse' => NULL,
))

/var/www/vhosts/rosistirem.com/laravel/app/Http/Controllers/WebController.php:318
AddonPayments\Api\Entities\Transaction::__set_state(array(
   'authorizedAmount' => '5780',
   'availableBalance' => NULL,
   'avsResponseCode' => 'U',
   'avsResponseMessage' => NULL,
   'balanceAmount' => NULL,
   'batchSummary' => NULL,
   'cardType' => NULL,
   'cardLast4' => NULL,
   'cavvResponseCode' => NULL,
   'commercialIndicator' => NULL,
   'cvnResponseCode' => 'I',
   'cvnResponseMessage' => NULL,
   'emvIssuerResponse' => NULL,
   'pointsBalanceAmount' => NULL,
   'recurringDataCode' => NULL,
   'referenceNumber' => NULL,
   'responseCode' => '101',
   'responseMessage' => 'Predicted for several reasons',
   'responseValues' => 
  array (
    'CAVV' => 'jK+InSjEzkWFCBANTf21ABUAAAA=',
    'AVSADDRESSRESULT' => 'U',
    'AUTHENTICATION_VALUE' => '',
    'ECI' => '2',
    'CVNRESULT' => 'I',
    'HPP_LANG' => 'ca',
    'MESSAGE_VERSION' => '',
    'PASREF' => '16444411128433489',
    'BATCHID' => '13153815',
    'MESSAGE' => 'Predicted for several reasons',
    'DS_TRANS_ID' => '',
    'ACCOUNT' => 'internet',
    'XID' => 'TqGe+EzdW26MFAzOs8O6+eCb7RA=',
    'SHA1HASH' => '5dc661011c4e93b7dd9d8437aa1b3b33164ac62e',
    'AVSPOSTCODERESULT' => 'U',
    'ORDER_ID' => '09022022_22-10_SDK_v2-1-0_MjUwNWM4OGUtNj',
    'AMOUNT' => '5780',
    'TIMESTAMP' => '20220209221047',
    'pas_uuid' => 'e8af5725-9703-4e05-b6e5-9f70269581f0',
    'HPP_FRAUDFILTER_RESULT' => 'NOT_EXECUTED',
    'RESULT' => '101',
    'AUTHCODE' => '',
    'MERCHANT_ID' => '351894514',
  ),
   'schemeId' => NULL,
   'threeDSecure' => NULL,
   'timestamp' => NULL,
   'transactionDescriptor' => NULL,
   'token' => NULL,
   'transactionReference' => 
  AddonPayments\Api\PaymentMethods\TransactionReference::__set_state(array(
     'paymentMethodType' => 1,
     'authCode' => '',
     'transactionId' => '16444411128433489',
     'orderId' => '09022022_22-10_SDK_v2-1-0_MjUwNWM4OGUtNj',
  )),
   'giftCard' => NULL,
   'dccResponseResult' => NULL,
   'fraudFilterResponse' => NULL,
   'avsAddressResponse' => NULL,
   'alternativePaymentResponse' => NULL,
))

/var/www/vhosts/rosistirem.com/laravel/app/Http/Controllers/WebController.php:318
AddonPayments\Api\Entities\Transaction::__set_state(array(
   'authorizedAmount' => '5780',
   'availableBalance' => NULL,
   'avsResponseCode' => 'U',
   'avsResponseMessage' => NULL,
   'balanceAmount' => NULL,
   'batchSummary' => NULL,
   'cardType' => NULL,
   'cardLast4' => NULL,
   'cavvResponseCode' => NULL,
   'commercialIndicator' => NULL,
   'cvnResponseCode' => 'I',
   'cvnResponseMessage' => NULL,
   'emvIssuerResponse' => NULL,
   'pointsBalanceAmount' => NULL,
   'recurringDataCode' => NULL,
   'referenceNumber' => NULL,
   'responseCode' => '101',
   'responseMessage' => 'Predicted for several reasons',
   'responseValues' => 
  array (
    'CAVV' => 'jK+InSjEzkWFCBANTf21ABUAAAA=',
    'AVSADDRESSRESULT' => 'U',
    'AUTHENTICATION_VALUE' => '',
    'ECI' => '2',
    'CVNRESULT' => 'I',
    'HPP_LANG' => 'ca',
    'MESSAGE_VERSION' => '',
    'PASREF' => '16444411128433489',
    'BATCHID' => '13153815',
    'MESSAGE' => 'Predicted for several reasons',
    'DS_TRANS_ID' => '',
    'ACCOUNT' => 'internet',
    'XID' => 'TqGe+EzdW26MFAzOs8O6+eCb7RA=',
    'SHA1HASH' => '5dc661011c4e93b7dd9d8437aa1b3b33164ac62e',
    'AVSPOSTCODERESULT' => 'U',
    'ORDER_ID' => '09022022_22-10_SDK_v2-1-0_MjUwNWM4OGUtNj',
    'AMOUNT' => '5780',
    'TIMESTAMP' => '20220209221047',
    'pas_uuid' => 'e8af5725-9703-4e05-b6e5-9f70269581f0',
    'HPP_FRAUDFILTER_RESULT' => 'NOT_EXECUTED',
    'RESULT' => '101',
    'AUTHCODE' => '',
    'MERCHANT_ID' => '351894514',
  ),
   'schemeId' => NULL,
   'threeDSecure' => NULL,
   'timestamp' => NULL,
   'transactionDescriptor' => NULL,
   'token' => NULL,
   'transactionReference' => 
  AddonPayments\Api\PaymentMethods\TransactionReference::__set_state(array(
     'paymentMethodType' => 1,
     'authCode' => '',
     'transactionId' => '16444411128433489',
     'orderId' => '09022022_22-10_SDK_v2-1-0_MjUwNWM4OGUtNj',
  )),
   'giftCard' => NULL,
   'dccResponseResult' => NULL,
   'fraudFilterResponse' => NULL,
   'avsAddressResponse' => NULL,
   'alternativePaymentResponse' => NULL,
))

/var/www/vhosts/rosistirem.com/laravel/app/Http/Controllers/WebController.php:318
AddonPayments\Api\Entities\Transaction::__set_state(array(
   'authorizedAmount' => '5780',
   'availableBalance' => NULL,
   'avsResponseCode' => 'U',
   'avsResponseMessage' => NULL,
   'balanceAmount' => NULL,
   'batchSummary' => NULL,
   'cardType' => NULL,
   'cardLast4' => NULL,
   'cavvResponseCode' => NULL,
   'commercialIndicator' => NULL,
   'cvnResponseCode' => 'M',
   'cvnResponseMessage' => NULL,
   'emvIssuerResponse' => NULL,
   'pointsBalanceAmount' => NULL,
   'recurringDataCode' => NULL,
   'referenceNumber' => NULL,
   'responseCode' => '00',
   'responseMessage' => 'Approved',
   'responseValues' => 
  array (
    'CAVV' => 'jK+InSjEzkWFCBANTf/jCHEAAAA=',
    'AVSADDRESSRESULT' => 'U',
    'AUTHENTICATION_VALUE' => '',
    'ECI' => '2',
    'CVNRESULT' => 'M',
    'HPP_LANG' => 'ca',
    'MESSAGE_VERSION' => '',
    'PASREF' => '16444412122187991',
    'BATCHID' => '13153815',
    'MESSAGE' => 'Approved',
    'DS_TRANS_ID' => '',
    'ACCOUNT' => 'internet',
    'XID' => 'kWnNjKyW1eS0pQMfNZpsgUDA3qg=',
    'SHA1HASH' => 'ee7ab9faae139404bedb22e86821128e5cf34f90',
    'AVSPOSTCODERESULT' => 'U',
    'ORDER_ID' => '09022022_22-12_SDK_v2-1-0_ZmFiNTcyN2EtMD',
    'AMOUNT' => '5780',
    'TIMESTAMP' => '20220209221236',
    'pas_uuid' => '06f8ef71-a9a3-40d4-8245-4d8ac5ff17b9',
    'HPP_FRAUDFILTER_RESULT' => 'NOT_EXECUTED',
    'RESULT' => '00',
    'AUTHCODE' => '000581',
    'MERCHANT_ID' => '351894514',
  ),
   'schemeId' => NULL,
   'threeDSecure' => NULL,
   'timestamp' => NULL,
   'transactionDescriptor' => NULL,
   'token' => NULL,
   'transactionReference' => 
  AddonPayments\Api\PaymentMethods\TransactionReference::__set_state(array(
     'paymentMethodType' => 1,
     'authCode' => '000581',
     'transactionId' => '16444412122187991',
     'orderId' => '09022022_22-12_SDK_v2-1-0_ZmFiNTcyN2EtMD',
  )),
   'giftCard' => NULL,
   'dccResponseResult' => NULL,
   'fraudFilterResponse' => NULL,
   'avsAddressResponse' => NULL,
   'alternativePaymentResponse' => NULL,
))

/var/www/vhosts/rosistirem.com/laravel/app/Http/Controllers/WebController.php:318
AddonPayments\Api\Entities\Transaction::__set_state(array(
   'authorizedAmount' => '4480',
   'availableBalance' => NULL,
   'avsResponseCode' => 'U',
   'avsResponseMessage' => NULL,
   'balanceAmount' => NULL,
   'batchSummary' => NULL,
   'cardType' => NULL,
   'cardLast4' => NULL,
   'cavvResponseCode' => NULL,
   'commercialIndicator' => NULL,
   'cvnResponseCode' => 'M',
   'cvnResponseMessage' => NULL,
   'emvIssuerResponse' => NULL,
   'pointsBalanceAmount' => NULL,
   'recurringDataCode' => NULL,
   'referenceNumber' => NULL,
   'responseCode' => '00',
   'responseMessage' => 'Approved',
   'responseValues' => 
  array (
    'CAVV' => 'AAACCWABICICCSIhQQEgAAAAAAA=',
    'AVSADDRESSRESULT' => 'U',
    'AUTHENTICATION_VALUE' => '',
    'ECI' => '5',
    'CVNRESULT' => 'M',
    'HPP_LANG' => 'ca',
    'MESSAGE_VERSION' => '',
    'PASREF' => '16444416947306315',
    'BATCHID' => '13153815',
    'MESSAGE' => 'Approved',
    'DS_TRANS_ID' => '',
    'ACCOUNT' => 'internet',
    'XID' => 'MkjAwYApLFkUyL3sACeh31xT0D0=',
    'SHA1HASH' => '814782adb2befffcbc0a9695ce73a5e3b96870d2',
    'AVSPOSTCODERESULT' => 'U',
    'ORDER_ID' => '09022022_22-20_SDK_v2-1-0_NjU3MWFiZTYtMj',
    'AMOUNT' => '4480',
    'TIMESTAMP' => '20220209222054',
    'pas_uuid' => 'd4d2d428-9030-4113-affa-10bf89740c49',
    'HPP_FRAUDFILTER_RESULT' => 'NOT_EXECUTED',
    'RESULT' => '00',
    'AUTHCODE' => '457128',
    'MERCHANT_ID' => '351894514',
  ),
   'schemeId' => NULL,
   'threeDSecure' => NULL,
   'timestamp' => NULL,
   'transactionDescriptor' => NULL,
   'token' => NULL,
   'transactionReference' => 
  AddonPayments\Api\PaymentMethods\TransactionReference::__set_state(array(
     'paymentMethodType' => 1,
     'authCode' => '457128',
     'transactionId' => '16444416947306315',
     'orderId' => '09022022_22-20_SDK_v2-1-0_NjU3MWFiZTYtMj',
  )),
   'giftCard' => NULL,
   'dccResponseResult' => NULL,
   'fraudFilterResponse' => NULL,
   'avsAddressResponse' => NULL,
   'alternativePaymentResponse' => NULL,
))
